[2024-06-20 02:14:15 : INFO] - Re_Smush_It_Task with attachment ID : 4164, autocreated on : June 20, 2024 02:14:15 
[2024-06-20 02:19:32 : INFO] - A total of 1 tasks of type smush found and will be processed in this iteration 
[2024-06-20 02:19:32 : DEBUG] - Lock option (updraft_lock_smush, wp_options) was created in the database 
[2024-06-20 02:19:32 : INFO] - Lock (updraft_lock_smush, wp_options) acquired after initialising the database 
[2024-06-20 02:19:32 : INFO] - Processing task with ID : 46, and type 'smush' 
[2024-06-20 02:19:32 : INFO] - Re_Smush_It_Task with attachment ID : 4164, autocreated on : June 20, 2024 02:14:15 
[2024-06-20 02:19:32 : INFO] - File: bg.jpg, Compression quality: 92 
[2024-06-20 02:29:36 : INFO] - A total of 1 tasks of type smush found and will be processed in this iteration 
[2024-06-20 02:29:36 : INFO] - Lock (updraft_lock_smush, wp_options) acquired 
[2024-06-20 02:29:36 : INFO] - Processing task with ID : 46, and type 'smush' 
[2024-06-20 02:29:36 : INFO] - Re_Smush_It_Task with attachment ID : 4164, autocreated on : June 20, 2024 02:14:15 
[2024-06-20 02:29:36 : INFO] - File: bg.jpg, Compression quality: 92 
[2024-06-20 02:39:46 : INFO] - A total of 1 tasks of type smush found and will be processed in this iteration 
[2024-06-20 02:39:46 : INFO] - Lock (updraft_lock_smush, wp_options) acquired 
[2024-06-20 02:39:46 : INFO] - Processing task with ID : 46, and type 'smush' 
[2024-06-20 02:39:46 : INFO] - Re_Smush_It_Task with attachment ID : 4164, autocreated on : June 20, 2024 02:14:15 
[2024-06-20 02:39:46 : INFO] - File: bg.jpg, Compression quality: 92 
[2024-06-20 03:39:14 : INFO] - A total of 1 tasks of type smush found and will be processed in this iteration 
[2024-06-20 03:39:14 : INFO] - Lock (updraft_lock_smush, wp_options) acquired 
[2024-06-20 03:39:14 : INFO] - Processing task with ID : 46, and type 'smush' 
[2024-06-20 03:39:14 : INFO] - Re_Smush_It_Task with attachment ID : 4164, autocreated on : June 20, 2024 02:14:15 
[2024-06-20 03:39:14 : INFO] - File: bg.jpg, Compression quality: 92 
[2024-06-20 03:50:00 : INFO] - A total of 1 tasks of type smush found and will be processed in this iteration 
[2024-06-20 03:50:00 : INFO] - Lock (updraft_lock_smush, wp_options) acquired 
[2024-06-20 03:50:00 : INFO] - Processing task with ID : 46, and type 'smush' 
[2024-06-20 03:50:00 : INFO] - Re_Smush_It_Task with attachment ID : 4164, autocreated on : June 20, 2024 02:14:15 
[2024-06-20 03:50:00 : INFO] - File: bg.jpg, Compression quality: 92 
[2024-06-20 04:11:33 : INFO] - A total of 1 tasks of type smush found and will be processed in this iteration 
[2024-06-20 04:11:33 : INFO] - Lock (updraft_lock_smush, wp_options) acquired 
[2024-06-20 04:11:33 : INFO] - Task with ID 46 and type (smush) failed with error code max_attempts_exceeded - Maximum attempts (5) exceeded for task 
[2024-06-20 04:11:33 : INFO] - Lock option (updraft_lock_smush, wp_options) released 
[2024-06-20 04:11:33 : INFO] - Successfully processed the queue (smush). 1 tasks were processed out of 1. 
[2024-06-20 04:11:33 : INFO] - Lock option (updraft_lock_smush, wp_options) was deleted from the database 
